# JRE version: Java(TM) SE Runtime Environment (19.0.1+10) (build 19.0.1+10-21)
# Java VM: Java HotSpot(TM) 64-Bit Server VM (19.0.1+10-21, mixed mode, sharing, tiered, compressed oops, compressed class ptrs, g1 gc, windows-amd64)
GC Precious Log:
 CardTable entry size: 512
 Card Set container configuration: InlinePtr #cards 4 size 8 Array Of Cards #cards 32 size 80 Howl #buckets 8 coarsen threshold 7372 Howl Bitmap #cards 1024 size 144 coarsen threshold 921 Card regions per heap region 1 cards per card region 8192
 CPUs: 12 total, 12 available
 Memory: 20332M
 Large Page Support: Disabled
 NUMA Support: Disabled
 Compressed Oops: Enabled (Zero based)
 Heap Region Size: 4M
 Heap Min Capacity: 8M
 Heap Initial Capacity: 320M
 Heap Max Capacity: 5084M
 Pre-touch: Disabled
 Parallel Workers: 10
 Concurrent Workers: 3
 Concurrent Refinement Workers: 10
 Periodic GC: Disabled
Heap:
 garbage-first heap   total 540672K, used 433388K [0x00000006c2400000, 0x0000000800000000)
  region size 4096K, 35 young (143360K), 2 survivors (8192K)
 Metaspace       used 132347K, committed 135808K, reserved 1179648K
  class space    used 14414K, committed 15936K, reserved 1048576K
GC Heap History (20 events):
Event: 1047.759 GC heap after
{Heap after GC invocations=187 (full 96):
 garbage-first heap   total 540672K, used 278581K [0x00000006c2400000, 0x0000000800000000)
  region size 4096K, 0 young (0K), 0 survivors (0K)
 Metaspace       used 128160K, committed 131456K, reserved 1179648K
  class space    used 14038K, committed 15488K, reserved 1048576K
}
Event: 1051.841 GC heap before
{Heap before GC invocations=187 (full 96):
 garbage-first heap   total 540672K, used 393269K [0x00000006c2400000, 0x0000000800000000)
  region size 4096K, 29 young (118784K), 0 survivors (0K)
 Metaspace       used 128619K, committed 131968K, reserved 1179648K
  class space    used 14078K, committed 15552K, reserved 1048576K
}
Event: 1051.953 GC heap after
{Heap after GC invocations=188 (full 97):
 garbage-first heap   total 540672K, used 281034K [0x00000006c2400000, 0x0000000800000000)
  region size 4096K, 0 young (0K), 0 survivors (0K)
 Metaspace       used 128616K, committed 131968K, reserved 1179648K
  class space    used 14078K, committed 15552K, reserved 1048576K
}
Event: 1060.112 GC heap before
{Heap before GC invocations=188 (full 97):
 garbage-first heap   total 540672K, used 395722K [0x00000006c2400000, 0x0000000800000000)
  region size 4096K, 29 young (118784K), 0 survivors (0K)
 Metaspace       used 129134K, committed 132480K, reserved 1179648K
  class space    used 14119K, committed 15616K, reserved 1048576K
}
Event: 1060.223 GC heap after
{Heap after GC invocations=189 (full 98):
 garbage-first heap   total 540672K, used 283420K [0x00000006c2400000, 0x0000000800000000)
  region size 4096K, 0 young (0K), 0 survivors (0K)
 Metaspace       used 129130K, committed 132480K, reserved 1179648K
  class space    used 14118K, committed 15616K, reserved 1048576K
}
Event: 1152.384 GC heap before
{Heap before GC invocations=189 (full 98):
 garbage-first heap   total 540672K, used 426780K [0x00000006c2400000, 0x0000000800000000)
  region size 4096K, 35 young (143360K), 0 survivors (0K)
 Metaspace       used 129613K, committed 132992K, reserved 1179648K
  class space    used 14160K, committed 15680K, reserved 1048576K
}
Event: 1152.387 GC heap after
{Heap after GC invocations=190 (full 98):
 garbage-first heap   total 540672K, used 288918K [0x00000006c2400000, 0x0000000800000000)
  region size 4096K, 2 young (8192K), 2 survivors (8192K)
 Metaspace       used 129613K, committed 132992K, reserved 1179648K
  class space    used 14160K, committed 15680K, reserved 1048576K
}
Event: 1152.391 GC heap before
{Heap before GC invocations=190 (full 98):
 garbage-first heap   total 540672K, used 288918K [0x00000006c2400000, 0x0000000800000000)
  region size 4096K, 3 young (12288K), 2 survivors (8192K)
 Metaspace       used 129613K, committed 132992K, reserved 1179648K
  class space    used 14160K, committed 15680K, reserved 1048576K
}
Event: 1152.505 GC heap after
{Heap after GC invocations=191 (full 99):
 garbage-first heap   total 540672K, used 285838K [0x00000006c2400000, 0x0000000800000000)
  region size 4096K, 0 young (0K), 0 survivors (0K)
 Metaspace       used 129610K, committed 132992K, reserved 1179648K
  class space    used 14159K, committed 15680K, reserved 1048576K
}
Event: 1157.634 GC heap before
{Heap before GC invocations=191 (full 99):
 garbage-first heap   total 540672K, used 400526K [0x00000006c2400000, 0x0000000800000000)
  region size 4096K, 29 young (118784K), 0 survivors (0K)
 Metaspace       used 130049K, committed 133440K, reserved 1179648K
  class space    used 14200K, committed 15680K, reserved 1048576K
}
Event: 1157.759 GC heap after
{Heap after GC invocations=192 (full 100):
 garbage-first heap   total 540672K, used 288252K [0x00000006c2400000, 0x0000000800000000)
  region size 4096K, 0 young (0K), 0 survivors (0K)
 Metaspace       used 130046K, committed 133440K, reserved 1179648K
  class space    used 14200K, committed 15680K, reserved 1048576K
}
Event: 1159.929 GC heap before
{Heap before GC invocations=192 (full 100):
 garbage-first heap   total 540672K, used 402940K [0x00000006c2400000, 0x0000000800000000)
  region size 4096K, 29 young (118784K), 0 survivors (0K)
 Metaspace       used 130486K, committed 133888K, reserved 1179648K
  class space    used 14241K, committed 15744K, reserved 1048576K
}
Event: 1160.042 GC heap after
{Heap after GC invocations=193 (full 101):
 garbage-first heap   total 540672K, used 290798K [0x00000006c2400000, 0x0000000800000000)
  region size 4096K, 0 young (0K), 0 survivors (0K)
 Metaspace       used 130486K, committed 133888K, reserved 1179648K
  class space    used 14241K, committed 15744K, reserved 1048576K
}
Event: 1163.189 GC heap before
{Heap before GC invocations=193 (full 101):
 garbage-first heap   total 540672K, used 401390K [0x00000006c2400000, 0x0000000800000000)
  region size 4096K, 28 young (114688K), 0 survivors (0K)
 Metaspace       used 130971K, committed 134400K, reserved 1179648K
  class space    used 14282K, committed 15808K, reserved 1048576K
}
Event: 1163.319 GC heap after
{Heap after GC invocations=194 (full 102):
 garbage-first heap   total 540672K, used 293262K [0x00000006c2400000, 0x0000000800000000)
  region size 4096K, 0 young (0K), 0 survivors (0K)
 Metaspace       used 130971K, committed 134400K, reserved 1179648K
  class space    used 14282K, committed 15808K, reserved 1048576K
}
Event: 1166.470 GC heap before
{Heap before GC invocations=194 (full 102):
 garbage-first heap   total 540672K, used 403854K [0x00000006c2400000, 0x0000000800000000)
  region size 4096K, 28 young (114688K), 0 survivors (0K)
 Metaspace       used 131480K, committed 134976K, reserved 1179648K
  class space    used 14326K, committed 15872K, reserved 1048576K
}
Event: 1166.592 GC heap after
{Heap after GC invocations=195 (full 103):
 garbage-first heap   total 540672K, used 295743K [0x00000006c2400000, 0x0000000800000000)
  region size 4096K, 0 young (0K), 0 survivors (0K)
 Metaspace       used 131480K, committed 134976K, reserved 1179648K
  class space    used 14326K, committed 15872K, reserved 1048576K
}
Event: 1194.264 GC heap before
{Heap before GC invocations=195 (full 103):
 garbage-first heap   total 540672K, used 414527K [0x00000006c2400000, 0x0000000800000000)
  region size 4096K, 30 young (122880K), 0 survivors (0K)
 Metaspace       used 131913K, committed 135360K, reserved 1179648K
  class space    used 14367K, committed 15872K, reserved 1048576K
}
Event: 1194.397 GC heap after
{Heap after GC invocations=196 (full 104):
 garbage-first heap   total 540672K, used 298220K [0x00000006c2400000, 0x0000000800000000)
  region size 4096K, 0 young (0K), 0 survivors (0K)
 Metaspace       used 131900K, committed 135360K, reserved 1179648K
  class space    used 14365K, committed 15872K, reserved 1048576K
}
Event: 1197.666 GC heap before
{Heap before GC invocations=196 (full 104):
 garbage-first heap   total 540672K, used 433388K [0x00000006c2400000, 0x0000000800000000)
  region size 4096K, 33 young (135168K), 0 survivors (0K)
 Metaspace       used 132347K, committed 135808K, reserved 1179648K
  class space    used 14414K, committed 15936K, reserved 1048576K
}

